{"total": {"lines":{"total":259,"covered":161,"skipped":0,"pct":62.16},"statements":{"total":286,"covered":168,"skipped":0,"pct":58.74},"functions":{"total":103,"covered":48,"skipped":0,"pct":46.6},"branches":{"total":409,"covered":136,"skipped":0,"pct":33.25},"branchesTrue":{"total":0,"covered":0,"skipped":0,"pct":"Unknown"}}
,"D:\\New folder\\multilingual-mandi\\src\\types\\guards.ts": {"lines":{"total":160,"covered":93,"skipped":0,"pct":58.12},"functions":{"total":40,"covered":14,"skipped":0,"pct":35},"statements":{"total":177,"covered":93,"skipped":0,"pct":52.54},"branches":{"total":359,"covered":103,"skipped":0,"pct":28.69}}
,"D:\\New folder\\multilingual-mandi\\src\\types\\schemas.ts": {"lines":{"total":99,"covered":68,"skipped":0,"pct":68.68},"functions":{"total":63,"covered":34,"skipped":0,"pct":53.96},"statements":{"total":109,"covered":75,"skipped":0,"pct":68.8},"branches":{"total":50,"covered":33,"skipped":0,"pct":66}}
}
