TN:
SF:src\types\guards.ts
FN:26,isString
FN:30,isNumber
FN:34,isBoolean
FN:38,isDate
FN:42,isArray
FN:48,isObject
FN:53,isUserType
FN:57,isMessageType
FN:62,isMessageStatus
FN:67,isConversationStatus
FN:72,isDealStatus
FN:79,isPriceSource
FN:84,isMarketTrend
FN:89,isDemandLevel
FN:94,isPaymentMethod
FN:99,isDeliveryMethod
FN:104,isSupportedLanguage
FN:113,isTranslationContext
FN:118,isTranslationQuality
FN:124,isLocation
FN:136,isBusinessInfo
FN:147,isReputationScore
FN:165,isUserSettings
FN:187,isUser
FN:208,isCommoditySeasonality
FN:213,(anonymous_25)
FN:214,(anonymous_26)
FN:217,(anonymous_27)
FN:220,isQualityGrade
FN:229,isCommodity
FN:249,isPriceRange
FN:271,isPriceEntry
FN:289,isMessage
FN:310,isConversation
FN:325,isOffer
FN:342,isNegotiationSession
FN:365,isDeal
FN:397,validateUser
FN:443,validatePriceEntry
FN:481,validateMessage
FNF:40
FNH:14
FNDA:68,isString
FNDA:52,isNumber
FNDA:9,isBoolean
FNDA:18,isDate
FNDA:0,isArray
FNDA:18,isObject
FNDA:8,isUserType
FNDA:8,isMessageType
FNDA:2,isMessageStatus
FNDA:0,isConversationStatus
FNDA:0,isDealStatus
FNDA:7,isPriceSource
FNDA:0,isMarketTrend
FNDA:0,isDemandLevel
FNDA:0,isPaymentMethod
FNDA:0,isDeliveryMethod
FNDA:0,isSupportedLanguage
FNDA:0,isTranslationContext
FNDA:0,isTranslationQuality
FNDA:6,isLocation
FNDA:0,isBusinessInfo
FNDA:5,isReputationScore
FNDA:0,isUserSettings
FNDA:0,isUser
FNDA:0,isCommoditySeasonality
FNDA:0,(anonymous_25)
FNDA:0,(anonymous_26)
FNDA:0,(anonymous_27)
FNDA:0,isQualityGrade
FNDA:0,isCommodity
FNDA:0,isPriceRange
FNDA:0,isPriceEntry
FNDA:0,isMessage
FNDA:0,isConversation
FNDA:0,isOffer
FNDA:0,isNegotiationSession
FNDA:0,isDeal
FNDA:3,validateUser
FNDA:2,validatePriceEntry
FNDA:2,validateMessage
DA:26,1
DA:27,68
DA:30,1
DA:31,52
DA:34,1
DA:35,9
DA:38,1
DA:39,18
DA:42,1
DA:43,0
DA:44,0
DA:45,0
DA:48,1
DA:49,18
DA:53,1
DA:54,8
DA:57,1
DA:58,8
DA:62,1
DA:63,2
DA:67,1
DA:68,0
DA:72,1
DA:73,0
DA:79,1
DA:80,7
DA:84,1
DA:85,0
DA:89,1
DA:90,0
DA:94,1
DA:95,0
DA:99,1
DA:100,0
DA:104,1
DA:105,0
DA:110,0
DA:113,1
DA:114,0
DA:118,1
DA:119,0
DA:124,1
DA:125,6
DA:127,6
DA:136,1
DA:137,0
DA:139,0
DA:147,1
DA:148,5
DA:150,5
DA:165,1
DA:166,0
DA:168,0
DA:169,0
DA:170,0
DA:172,0
DA:187,1
DA:188,0
DA:190,0
DA:208,1
DA:209,0
DA:211,0
DA:213,0
DA:214,0
DA:217,0
DA:220,1
DA:221,0
DA:223,0
DA:229,1
DA:230,0
DA:232,0
DA:249,1
DA:250,0
DA:252,0
DA:254,0
DA:271,1
DA:272,0
DA:274,0
DA:289,1
DA:290,0
DA:292,0
DA:310,1
DA:311,0
DA:313,0
DA:325,1
DA:326,0
DA:328,0
DA:342,1
DA:343,0
DA:345,0
DA:365,1
DA:366,0
DA:368,0
DA:397,1
DA:398,3
DA:400,3
DA:401,1
DA:404,2
DA:405,1
DA:408,2
DA:409,1
DA:412,2
DA:413,0
DA:416,2
DA:417,0
DA:420,2
DA:421,0
DA:424,2
DA:425,0
DA:428,2
DA:429,0
DA:432,2
DA:433,0
DA:436,2
DA:437,0
DA:440,2
DA:443,1
DA:444,2
DA:446,2
DA:447,0
DA:450,2
DA:451,0
DA:454,2
DA:455,0
DA:458,2
DA:459,1
DA:462,2
DA:463,0
DA:466,2
DA:467,0
DA:470,2
DA:471,1
DA:474,2
DA:475,0
DA:478,2
DA:481,1
DA:482,2
DA:484,2
DA:485,0
DA:488,2
DA:489,1
DA:492,2
DA:493,0
DA:496,2
DA:497,0
DA:500,2
DA:501,0
DA:504,2
DA:505,1
DA:508,2
DA:509,0
DA:512,2
DA:513,0
DA:516,2
DA:517,0
DA:520,2
DA:521,0
DA:524,2
DA:528,1
DA:570,1
LF:160
LH:93
BRDA:31,0,0,52
BRDA:31,0,1,51
BRDA:39,1,0,18
BRDA:39,1,1,16
BRDA:43,2,0,0
BRDA:43,2,1,0
BRDA:44,3,0,0
BRDA:44,3,1,0
BRDA:49,4,0,18
BRDA:49,4,1,17
BRDA:49,4,2,17
BRDA:54,5,0,8
BRDA:54,5,1,7
BRDA:58,6,0,8
BRDA:58,6,1,8
BRDA:63,7,0,2
BRDA:63,7,1,2
BRDA:68,8,0,0
BRDA:68,8,1,0
BRDA:73,9,0,0
BRDA:73,9,1,0
BRDA:80,10,0,7
BRDA:80,10,1,7
BRDA:85,11,0,0
BRDA:85,11,1,0
BRDA:90,12,0,0
BRDA:90,12,1,0
BRDA:95,13,0,0
BRDA:95,13,1,0
BRDA:100,14,0,0
BRDA:100,14,1,0
BRDA:110,15,0,0
BRDA:110,15,1,0
BRDA:114,16,0,0
BRDA:114,16,1,0
BRDA:119,17,0,0
BRDA:119,17,1,0
BRDA:125,18,0,0
BRDA:125,18,1,6
BRDA:127,19,0,6
BRDA:127,19,1,6
BRDA:127,19,2,6
BRDA:127,19,3,5
BRDA:127,19,4,5
BRDA:127,19,5,5
BRDA:127,19,6,5
BRDA:127,19,7,4
BRDA:127,19,8,4
BRDA:137,20,0,0
BRDA:137,20,1,0
BRDA:139,21,0,0
BRDA:139,21,1,0
BRDA:139,21,2,0
BRDA:139,21,3,0
BRDA:139,21,4,0
BRDA:139,21,5,0
BRDA:139,21,6,0
BRDA:148,22,0,0
BRDA:148,22,1,5
BRDA:150,23,0,5
BRDA:150,23,1,5
BRDA:150,23,2,5
BRDA:150,23,3,5
BRDA:150,23,4,5
BRDA:150,23,5,5
BRDA:150,23,6,5
BRDA:150,23,7,5
BRDA:150,23,8,5
BRDA:150,23,9,4
BRDA:150,23,10,4
BRDA:150,23,11,4
BRDA:150,23,12,4
BRDA:150,23,13,4
BRDA:150,23,14,4
BRDA:150,23,15,4
BRDA:150,23,16,3
BRDA:166,24,0,0
BRDA:166,24,1,0
BRDA:172,25,0,0
BRDA:172,25,1,0
BRDA:172,25,2,0
BRDA:172,25,3,0
BRDA:172,25,4,0
BRDA:172,25,5,0
BRDA:172,25,6,0
BRDA:172,25,7,0
BRDA:172,25,8,0
BRDA:172,25,9,0
BRDA:172,25,10,0
BRDA:172,25,11,0
BRDA:172,25,12,0
BRDA:188,26,0,0
BRDA:188,26,1,0
BRDA:190,27,0,0
BRDA:190,27,1,0
BRDA:190,27,2,0
BRDA:190,27,3,0
BRDA:190,27,4,0
BRDA:190,27,5,0
BRDA:190,27,6,0
BRDA:190,27,7,0
BRDA:190,27,8,0
BRDA:190,27,9,0
BRDA:190,27,10,0
BRDA:190,27,11,0
BRDA:190,27,12,0
BRDA:190,27,13,0
BRDA:190,27,14,0
BRDA:190,27,15,0
BRDA:190,27,16,0
BRDA:190,27,17,0
BRDA:190,27,18,0
BRDA:209,28,0,0
BRDA:209,28,1,0
BRDA:211,29,0,0
BRDA:211,29,1,0
BRDA:211,29,2,0
BRDA:211,29,3,0
BRDA:211,29,4,0
BRDA:211,29,5,0
BRDA:211,29,6,0
BRDA:213,30,0,0
BRDA:213,30,1,0
BRDA:214,31,0,0
BRDA:214,31,1,0
BRDA:217,32,0,0
BRDA:217,32,1,0
BRDA:221,33,0,0
BRDA:221,33,1,0
BRDA:223,34,0,0
BRDA:223,34,1,0
BRDA:223,34,2,0
BRDA:223,34,3,0
BRDA:230,35,0,0
BRDA:230,35,1,0
BRDA:232,36,0,0
BRDA:232,36,1,0
BRDA:232,36,2,0
BRDA:232,36,3,0
BRDA:232,36,4,0
BRDA:232,36,5,0
BRDA:232,36,6,0
BRDA:232,36,7,0
BRDA:232,36,8,0
BRDA:232,36,9,0
BRDA:232,36,10,0
BRDA:232,36,11,0
BRDA:232,36,12,0
BRDA:232,36,13,0
BRDA:232,36,14,0
BRDA:232,36,15,0
BRDA:250,37,0,0
BRDA:250,37,1,0
BRDA:254,38,0,0
BRDA:254,38,1,0
BRDA:254,38,2,0
BRDA:254,38,3,0
BRDA:254,38,4,0
BRDA:254,38,5,0
BRDA:254,38,6,0
BRDA:254,38,7,0
BRDA:254,38,8,0
BRDA:254,38,9,0
BRDA:254,38,10,0
BRDA:254,38,11,0
BRDA:254,38,12,0
BRDA:254,38,13,0
BRDA:254,38,14,0
BRDA:254,38,15,0
BRDA:272,39,0,0
BRDA:272,39,1,0
BRDA:274,40,0,0
BRDA:274,40,1,0
BRDA:274,40,2,0
BRDA:274,40,3,0
BRDA:274,40,4,0
BRDA:274,40,5,0
BRDA:274,40,6,0
BRDA:274,40,7,0
BRDA:274,40,8,0
BRDA:274,40,9,0
BRDA:274,40,10,0
BRDA:274,40,11,0
BRDA:274,40,12,0
BRDA:274,40,13,0
BRDA:290,41,0,0
BRDA:290,41,1,0
BRDA:292,42,0,0
BRDA:292,42,1,0
BRDA:292,42,2,0
BRDA:292,42,3,0
BRDA:292,42,4,0
BRDA:292,42,5,0
BRDA:292,42,6,0
BRDA:292,42,7,0
BRDA:292,42,8,0
BRDA:292,42,9,0
BRDA:292,42,10,0
BRDA:292,42,11,0
BRDA:292,42,12,0
BRDA:292,42,13,0
BRDA:292,42,14,0
BRDA:292,42,15,0
BRDA:292,42,16,0
BRDA:292,42,17,0
BRDA:292,42,18,0
BRDA:292,42,19,0
BRDA:292,42,20,0
BRDA:311,43,0,0
BRDA:311,43,1,0
BRDA:313,44,0,0
BRDA:313,44,1,0
BRDA:313,44,2,0
BRDA:313,44,3,0
BRDA:313,44,4,0
BRDA:313,44,5,0
BRDA:313,44,6,0
BRDA:313,44,7,0
BRDA:313,44,8,0
BRDA:313,44,9,0
BRDA:313,44,10,0
BRDA:326,45,0,0
BRDA:326,45,1,0
BRDA:328,46,0,0
BRDA:328,46,1,0
BRDA:328,46,2,0
BRDA:328,46,3,0
BRDA:328,46,4,0
BRDA:328,46,5,0
BRDA:328,46,6,0
BRDA:328,46,7,0
BRDA:328,46,8,0
BRDA:328,46,9,0
BRDA:328,46,10,0
BRDA:328,46,11,0
BRDA:343,47,0,0
BRDA:343,47,1,0
BRDA:345,48,0,0
BRDA:345,48,1,0
BRDA:345,48,2,0
BRDA:345,48,3,0
BRDA:345,48,4,0
BRDA:345,48,5,0
BRDA:345,48,6,0
BRDA:345,48,7,0
BRDA:345,48,8,0
BRDA:345,48,9,0
BRDA:345,48,10,0
BRDA:345,48,11,0
BRDA:345,48,12,0
BRDA:345,48,13,0
BRDA:345,48,14,0
BRDA:345,48,15,0
BRDA:345,48,16,0
BRDA:345,48,17,0
BRDA:366,49,0,0
BRDA:366,49,1,0
BRDA:368,50,0,0
BRDA:368,50,1,0
BRDA:368,50,2,0
BRDA:368,50,3,0
BRDA:368,50,4,0
BRDA:368,50,5,0
BRDA:368,50,6,0
BRDA:368,50,7,0
BRDA:368,50,8,0
BRDA:368,50,9,0
BRDA:368,50,10,0
BRDA:368,50,11,0
BRDA:368,50,12,0
BRDA:368,50,13,0
BRDA:368,50,14,0
BRDA:368,50,15,0
BRDA:368,50,16,0
BRDA:368,50,17,0
BRDA:368,50,18,0
BRDA:368,50,19,0
BRDA:368,50,20,0
BRDA:400,51,0,1
BRDA:400,51,1,2
BRDA:404,52,0,1
BRDA:404,52,1,1
BRDA:404,53,0,2
BRDA:404,53,1,2
BRDA:408,54,0,1
BRDA:408,54,1,1
BRDA:408,55,0,2
BRDA:408,55,1,2
BRDA:412,56,0,0
BRDA:412,56,1,2
BRDA:412,57,0,2
BRDA:412,57,1,2
BRDA:416,58,0,0
BRDA:416,58,1,2
BRDA:420,59,0,0
BRDA:420,59,1,2
BRDA:424,60,0,0
BRDA:424,60,1,2
BRDA:428,61,0,0
BRDA:428,61,1,2
BRDA:432,62,0,0
BRDA:432,62,1,2
BRDA:436,63,0,0
BRDA:436,63,1,2
BRDA:446,64,0,0
BRDA:446,64,1,2
BRDA:450,65,0,0
BRDA:450,65,1,2
BRDA:450,66,0,2
BRDA:450,66,1,2
BRDA:454,67,0,0
BRDA:454,67,1,2
BRDA:454,68,0,2
BRDA:454,68,1,2
BRDA:458,69,0,1
BRDA:458,69,1,1
BRDA:458,70,0,2
BRDA:458,70,1,2
BRDA:462,71,0,0
BRDA:462,71,1,2
BRDA:462,72,0,2
BRDA:462,72,1,2
BRDA:466,73,0,0
BRDA:466,73,1,2
BRDA:470,74,0,1
BRDA:470,74,1,1
BRDA:470,75,0,2
BRDA:470,75,1,2
BRDA:470,75,2,2
BRDA:474,76,0,0
BRDA:474,76,1,2
BRDA:484,77,0,0
BRDA:484,77,1,2
BRDA:488,78,0,1
BRDA:488,78,1,1
BRDA:488,79,0,2
BRDA:488,79,1,2
BRDA:492,80,0,0
BRDA:492,80,1,2
BRDA:492,81,0,2
BRDA:492,81,1,2
BRDA:496,82,0,0
BRDA:496,82,1,2
BRDA:496,83,0,2
BRDA:496,83,1,2
BRDA:500,84,0,0
BRDA:500,84,1,2
BRDA:500,85,0,2
BRDA:500,85,1,2
BRDA:504,86,0,1
BRDA:504,86,1,1
BRDA:508,87,0,0
BRDA:508,87,1,2
BRDA:512,88,0,0
BRDA:512,88,1,2
BRDA:516,89,0,0
BRDA:516,89,1,2
BRDA:520,90,0,0
BRDA:520,90,1,2
BRF:359
BRH:103
end_of_record
TN:
SF:src\types\schemas.ts
FN:11,(anonymous_0)
FN:12,(anonymous_1)
FN:12,(anonymous_2)
FN:13,(anonymous_3)
FN:13,(anonymous_4)
FN:14,(anonymous_5)
FN:15,(anonymous_6)
FN:16,(anonymous_7)
FN:26,(anonymous_8)
FN:26,(anonymous_9)
FN:27,(anonymous_10)
FN:27,(anonymous_11)
FN:28,(anonymous_12)
FN:29,(anonymous_13)
FN:30,(anonymous_14)
FN:31,(anonymous_15)
FN:34,(anonymous_16)
FN:35,(anonymous_17)
FN:36,(anonymous_18)
FN:36,(anonymous_19)
FN:40,(anonymous_20)
FN:41,(anonymous_21)
FN:41,(anonymous_22)
FN:42,(anonymous_23)
FN:42,(anonymous_24)
FN:45,(anonymous_25)
FN:47,(anonymous_26)
FN:49,(anonymous_27)
FN:52,(anonymous_28)
FN:54,(anonymous_29)
FN:64,(anonymous_30)
FN:65,(anonymous_31)
FN:66,(anonymous_32)
FN:69,(anonymous_33)
FN:73,(anonymous_34)
FN:74,(anonymous_35)
FN:75,(anonymous_36)
FN:78,(anonymous_37)
FN:78,(anonymous_38)
FN:80,(anonymous_39)
FN:80,(anonymous_40)
FN:82,(anonymous_41)
FN:83,(anonymous_42)
FN:84,(anonymous_43)
FN:94,(anonymous_44)
FN:95,(anonymous_45)
FN:96,(anonymous_46)
FN:97,(anonymous_47)
FN:104,(anonymous_48)
FN:105,(anonymous_49)
FN:113,(anonymous_50)
FN:114,(anonymous_51)
FN:270,(anonymous_52)
FN:282,(anonymous_53)
FN:295,(anonymous_54)
FN:309,(anonymous_55)
FN:346,(anonymous_56)
FN:351,(anonymous_57)
FN:368,(anonymous_58)
FN:373,(anonymous_59)
FN:383,(anonymous_60)
FN:389,(anonymous_61)
FN:394,(anonymous_62)
FNF:63
FNH:34
FNDA:16,(anonymous_0)
FNDA:4,(anonymous_1)
FNDA:6,(anonymous_2)
FNDA:3,(anonymous_3)
FNDA:5,(anonymous_4)
FNDA:7,(anonymous_5)
FNDA:8,(anonymous_6)
FNDA:0,(anonymous_7)
FNDA:1,(anonymous_8)
FNDA:3,(anonymous_9)
FNDA:1,(anonymous_10)
FNDA:3,(anonymous_11)
FNDA:4,(anonymous_12)
FNDA:3,(anonymous_13)
FNDA:5,(anonymous_14)
FNDA:0,(anonymous_15)
FNDA:0,(anonymous_16)
FNDA:0,(anonymous_17)
FNDA:0,(anonymous_18)
FNDA:0,(anonymous_19)
FNDA:0,(anonymous_20)
FNDA:0,(anonymous_21)
FNDA:0,(anonymous_22)
FNDA:0,(anonymous_23)
FNDA:0,(anonymous_24)
FNDA:6,(anonymous_25)
FNDA:1,(anonymous_26)
FNDA:0,(anonymous_27)
FNDA:0,(anonymous_28)
FNDA:7,(anonymous_29)
FNDA:6,(anonymous_30)
FNDA:6,(anonymous_31)
FNDA:5,(anonymous_32)
FNDA:4,(anonymous_33)
FNDA:0,(anonymous_34)
FNDA:0,(anonymous_35)
FNDA:0,(anonymous_36)
FNDA:1,(anonymous_37)
FNDA:0,(anonymous_38)
FNDA:0,(anonymous_39)
FNDA:0,(anonymous_40)
FNDA:0,(anonymous_41)
FNDA:0,(anonymous_42)
FNDA:0,(anonymous_43)
FNDA:1,(anonymous_44)
FNDA:2,(anonymous_45)
FNDA:0,(anonymous_46)
FNDA:0,(anonymous_47)
FNDA:0,(anonymous_48)
FNDA:0,(anonymous_49)
FNDA:1,(anonymous_50)
FNDA:0,(anonymous_51)
FNDA:0,(anonymous_52)
FNDA:0,(anonymous_53)
FNDA:14,(anonymous_54)
FNDA:3,(anonymous_55)
FNDA:3,(anonymous_56)
FNDA:4,(anonymous_57)
FNDA:2,(anonymous_58)
FNDA:3,(anonymous_59)
FNDA:2,(anonymous_60)
FNDA:2,(anonymous_61)
FNDA:3,(anonymous_62)
DA:9,1
DA:11,16
DA:12,6
DA:13,5
DA:14,7
DA:15,8
DA:17,0
DA:18,0
DA:19,0
DA:21,0
DA:26,3
DA:27,3
DA:28,4
DA:29,3
DA:30,5
DA:31,0
DA:34,0
DA:35,0
DA:36,0
DA:37,0
DA:40,0
DA:41,0
DA:42,0
DA:46,6
DA:48,1
DA:50,0
DA:53,0
DA:55,7
DA:60,7
DA:64,6
DA:65,6
DA:66,5
DA:70,4
DA:73,0
DA:74,0
DA:75,0
DA:78,1
DA:79,0
DA:80,0
DA:81,0
DA:82,0
DA:83,0
DA:85,0
DA:89,1
DA:94,1
DA:95,2
DA:96,0
DA:97,0
DA:104,0
DA:105,0
DA:113,1
DA:114,0
DA:135,1
DA:171,1
DA:194,1
DA:229,1
DA:264,1
DA:270,0
DA:282,0
DA:293,1
DA:300,14
DA:301,25
DA:302,5
DA:305,9
DA:313,3
DA:314,3
DA:316,3
DA:317,11
DA:318,11
DA:320,11
DA:323,11
DA:324,1
DA:325,1
DA:326,1
DA:330,10
DA:331,0
DA:335,10
DA:336,10
DA:337,3
DA:338,3
DA:342,3
DA:347,3
DA:353,4
DA:356,4
DA:357,1
DA:358,3
DA:359,1
DA:360,2
DA:361,1
DA:364,1
DA:369,2
DA:374,3
DA:384,2
DA:385,2
DA:390,2
DA:395,3
DA:396,3
DA:397,2
DA:398,1
LF:99
LH:68
BRDA:31,0,0,0
BRDA:31,0,1,0
BRDA:31,0,2,0
BRDA:37,1,0,0
BRDA:37,1,1,0
BRDA:64,2,0,6
BRDA:64,2,1,5
BRDA:65,3,0,6
BRDA:65,3,1,5
BRDA:73,4,0,0
BRDA:73,4,1,0
BRDA:74,5,0,0
BRDA:74,5,1,0
BRDA:75,6,0,0
BRDA:75,6,1,0
BRDA:301,7,0,5
BRDA:301,7,1,20
BRDA:302,8,0,5
BRDA:302,8,1,0
BRDA:318,9,0,0
BRDA:318,9,1,11
BRDA:323,10,0,1
BRDA:323,10,1,10
BRDA:323,11,0,11
BRDA:323,11,1,11
BRDA:323,11,2,11
BRDA:323,11,3,11
BRDA:330,12,0,0
BRDA:330,12,1,10
BRDA:330,13,0,10
BRDA:330,13,1,0
BRDA:330,13,2,0
BRDA:330,13,3,0
BRDA:336,14,0,3
BRDA:336,14,1,7
BRDA:356,15,0,1
BRDA:356,15,1,3
BRDA:356,16,0,4
BRDA:356,16,1,1
BRDA:358,17,0,1
BRDA:358,17,1,2
BRDA:360,18,0,1
BRDA:360,18,1,1
BRDA:360,19,0,2
BRDA:360,19,1,1
BRDA:373,20,0,3
BRDA:396,21,0,1
BRDA:396,21,1,2
BRDA:397,22,0,1
BRDA:397,22,1,1
BRF:50
BRH:33
end_of_record
